<?xml version="1.0" encoding="UTF-8"?>
<!-- Generated by org.testng.reporters.JUnitXMLReporter -->
<testsuite hostname="CSLH1613" ignored="5" name="Default test" tests="1" failures="0" timestamp="2020-05-07T07:06:35 IST" time="15.93" errors="0">
  <testcase name="Login" time="8.538" classname="Gnrl.prodFlow"/>
  <testcase name="compare2" time="0.0" classname="Gnrl.prodFlow">
    <ignored/>
  </testcase> <!-- compare2 -->
  <testcase name="add_2_cart" time="0.0" classname="Gnrl.prodFlow">
    <ignored/>
  </testcase> <!-- add_2_cart -->
  <testcase name="add_2_cart_2" time="0.0" classname="Gnrl.prodFlow">
    <ignored/>
  </testcase> <!-- add_2_cart_2 -->
  <testcase name="Quantity_DeliveryAddress" time="0.0" classname="Gnrl.prodFlow">
    <ignored/>
  </testcase> <!-- Quantity_DeliveryAddress -->
  <testcase name="compare" time="0.0" classname="Gnrl.prodFlow">
    <ignored/>
  </testcase> <!-- compare -->
</testsuite> <!-- Default test -->
