<?xml version="1.0" encoding="UTF-8"?>
<testng-results skipped="0" failed="0" ignored="5" total="6" passed="1">
  <reporter-output>
    <line>
      <![CDATA[Hi]]>
    </line>
  </reporter-output>
  <suite name="Default suite" duration-ms="16296" started-at="2020-05-08T08:18:15 IST" finished-at="2020-05-08T08:18:31 IST">
    <groups>
    </groups>
    <test name="Default test" duration-ms="16296" started-at="2020-05-08T08:18:15 IST" finished-at="2020-05-08T08:18:31 IST">
      <class name="Gnrl.prodFlow">
        <test-method status="PASS" signature="beforeclass()[pri:0, instance:Gnrl.prodFlow@9660f4e]" name="beforeclass" is-config="true" duration-ms="7177" started-at="2020-05-08T08:18:15 IST" finished-at="2020-05-08T08:18:22 IST">
          <reporter-output>
          </reporter-output>
        </test-method> <!-- beforeclass -->
        <test-method status="PASS" signature="Login()[pri:6, instance:Gnrl.prodFlow@9660f4e]" name="Login" duration-ms="9079" started-at="2020-05-08T08:18:22 IST" finished-at="2020-05-08T08:18:31 IST">
          <reporter-output>
            <line>
              <![CDATA[Hi]]>
            </line>
          </reporter-output>
        </test-method> <!-- Login -->
        <test-method status="PASS" signature="afterClass()[pri:0, instance:Gnrl.prodFlow@9660f4e]" name="afterClass" is-config="true" duration-ms="1" started-at="2020-05-08T08:18:31 IST" finished-at="2020-05-08T08:18:31 IST">
          <reporter-output>
          </reporter-output>
        </test-method> <!-- afterClass -->
      </class> <!-- Gnrl.prodFlow -->
    </test> <!-- Default test -->
  </suite> <!-- Default suite -->
</testng-results>
